./logs
Environment:
	Python: 3.11.3
	PyTorch: 2.0.0+cu117
	Torchvision: 0.15.1+cu117
	CUDA: 11.7
	CUDNN: 8500
	NumPy: 1.24.3
	PIL: 9.5.0
Args:
	algorithm: MetricSoftmaxAlignPatch
	checkpoint_freq: None
	data_dir: /l/users/zhongyi.han/dataset
	dataset: DomainNet
	holdout_fraction: 0.1
	hparams: {"clip_backbone": "ViT-B/16"}
	hparams_seed: 0
	output_dir: ./logs
	save_model_every_checkpoint: False
	seed: 0
	skip_model_save: False
	steps: None
	task: domain_generalization
	test_envs: [0]
	trial_seed: 0
	uda_holdout_fraction: 0
HParams:
	backbone: clip
	batch_size: 10
	beta1: 0.5
	class_balanced: False
	clip_backbone: ViT-B/16
	clip_transform: True
	d_steps_per_g_step: 1
	data_augmentation: True
	grad_penalty: 0.0
	lambda: 1.0
	lr: 0.001
	lr_d: 0.001
	lr_g: 1e-05
	mlp_depth: 3
	mlp_dropout: 0.0
	mlp_width: 512
	nonlinear_classifier: False
	resnet18: False
	resnet_dropout: 0.0
	test_envs: [0]
	weight_decay: 0.0
	weight_decay_d: 0.0
	weight_decay_g: 0.0
Using clip_transform ViT-B/16
Traceback (most recent call last):
  File "<frozen runpy>", line 198, in _run_module_as_main
  File "<frozen runpy>", line 88, in _run_code
  File "/home/zhongyi.han/project/APLCLIP/domainbed/scripts/train.py", line 236, in <module>
    step_vals = algorithm.update(minibatches_device, uda_device)
                ^^^^^^^^^^^^^^^^^^^^^^^^^^^^^^^^^^^^^^^^^^^^^^^^
  File "/home/zhongyi.han/project/APLCLIP/domainbed/algorithms.py", line 801, in update
    gen_loss.backward()
  File "/home/zhongyi.han/.conda/envs/CLIP/lib/python3.11/site-packages/torch/_tensor.py", line 487, in backward
    torch.autograd.backward(
  File "/home/zhongyi.han/.conda/envs/CLIP/lib/python3.11/site-packages/torch/autograd/__init__.py", line 200, in backward
    Variable._execution_engine.run_backward(  # Calls into the C++ engine to run the backward pass
RuntimeError: CUDA error: CUBLAS_STATUS_EXECUTION_FAILED when calling `cublasSgemm( handle, opa, opb, m, n, k, &alpha, a, lda, b, ldb, &beta, c, ldc)`
../aten/src/ATen/native/cuda/Loss.cu:240: nll_loss_forward_reduce_cuda_kernel_2d: block: [0,0,0], thread: [30,0,0] Assertion `t >= 0 && t < n_classes` failed.
../aten/src/ATen/native/cuda/Loss.cu:240: nll_loss_forward_reduce_cuda_kernel_2d: block: [0,0,0], thread: [31,0,0] Assertion `t >= 0 && t < n_classes` failed.
./logs
Environment:
	Python: 3.11.3
	PyTorch: 2.0.0+cu117
	Torchvision: 0.15.1+cu117
	CUDA: 11.7
	CUDNN: 8500
	NumPy: 1.24.3
	PIL: 9.5.0
Args:
	algorithm: MetricSoftmaxAlignPatch
	checkpoint_freq: None
	data_dir: /l/users/zhongyi.han/dataset
	dataset: DomainNet
	holdout_fraction: 0.1
	hparams: {"clip_backbone": "ViT-B/16"}
	hparams_seed: 0
	output_dir: ./logs
	save_model_every_checkpoint: False
	seed: 0
	skip_model_save: False
	steps: None
	task: domain_generalization
	test_envs: [1]
	trial_seed: 0
	uda_holdout_fraction: 0
HParams:
	backbone: clip
	batch_size: 10
	beta1: 0.5
	class_balanced: False
	clip_backbone: ViT-B/16
	clip_transform: True
	d_steps_per_g_step: 1
	data_augmentation: True
	grad_penalty: 0.0
	lambda: 1.0
	lr: 0.001
	lr_d: 0.001
	lr_g: 1e-05
	mlp_depth: 3
	mlp_dropout: 0.0
	mlp_width: 512
	nonlinear_classifier: False
	resnet18: False
	resnet_dropout: 0.0
	test_envs: [1]
	weight_decay: 0.0
	weight_decay_d: 0.0
	weight_decay_g: 0.0
Using clip_transform ViT-B/16
../aten/src/ATen/native/cuda/Loss.cu:240: nll_loss_forward_reduce_cuda_kernel_2d: block: [0,0,0], thread: [30,0,0] Assertion `t >= 0 && t < n_classes` failed.
../aten/src/ATen/native/cuda/Loss.cu:240: nll_loss_forward_reduce_cuda_kernel_2d: block: [0,0,0], thread: [31,0,0] Assertion `t >= 0 && t < n_classes` failed.
Traceback (most recent call last):
  File "<frozen runpy>", line 198, in _run_module_as_main
  File "<frozen runpy>", line 88, in _run_code
  File "/home/zhongyi.han/project/APLCLIP/domainbed/scripts/train.py", line 236, in <module>
    step_vals = algorithm.update(minibatches_device, uda_device)
                ^^^^^^^^^^^^^^^^^^^^^^^^^^^^^^^^^^^^^^^^^^^^^^^^
  File "/home/zhongyi.han/project/APLCLIP/domainbed/algorithms.py", line 801, in update
    gen_loss.backward()
  File "/home/zhongyi.han/.conda/envs/CLIP/lib/python3.11/site-packages/torch/_tensor.py", line 487, in backward
    torch.autograd.backward(
  File "/home/zhongyi.han/.conda/envs/CLIP/lib/python3.11/site-packages/torch/autograd/__init__.py", line 200, in backward
    Variable._execution_engine.run_backward(  # Calls into the C++ engine to run the backward pass
RuntimeError: CUDA error: CUBLAS_STATUS_ALLOC_FAILED when calling `cublasCreate(handle)`
Exception ignored in: <module 'threading' from '/home/zhongyi.han/.conda/envs/CLIP/lib/python3.11/threading.py'>
Traceback (most recent call last):
  File "/home/zhongyi.han/.conda/envs/CLIP/lib/python3.11/threading.py", line 1583, in _shutdown
    lock.acquire()
KeyboardInterrupt: 
