./logs
Environment:
	Python: 3.11.3
	PyTorch: 2.0.0+cu117
	Torchvision: 0.15.1+cu117
	CUDA: 11.7
	CUDNN: 8500
	NumPy: 1.24.3
	PIL: 9.5.0
Args:
	algorithm: MetricSoftmaxAlignPatch
	checkpoint_freq: None
	data_dir: /l/users/zhongyi.han/dataset
	dataset: OfficeHome
	holdout_fraction: 0.1
	hparams: {"clip_backbone": "ViT-B/16"}
	hparams_seed: 0
	output_dir: ./logs
	save_model_every_checkpoint: False
	seed: 0
	skip_model_save: False
	steps: None
	task: domain_generalization
	test_envs: [0]
	trial_seed: 0
	uda_holdout_fraction: 0
HParams:
	backbone: clip
	batch_size: 32
	beta1: 0.5
	class_balanced: False
	clip_backbone: ViT-B/16
	clip_transform: True
	d_steps_per_g_step: 1
	data_augmentation: True
	grad_penalty: 0.0
	lambda: 1.0
	lr: 0.001
	lr_d: 0.001
	lr_g: 1e-05
	mlp_depth: 3
	mlp_dropout: 0.0
	mlp_width: 512
	nonlinear_classifier: False
	resnet18: False
	resnet_dropout: 0.0
	test_envs: [0]
	weight_decay: 0.0
	weight_decay_d: 0.0
	weight_decay_g: 0.0
Using clip_transform ViT-B/16
class_loss    disc_loss     env0_in_acc   env0_out_acc  env1_in_acc   env1_out_acc  env2_in_acc   env2_out_acc  env3_in_acc   env3_out_acc  epoch         step          step_time    
0.6594741940  1.1082671881  0.8270022883  0.8553719008  0.7004326801  0.6926605505  0.9064064064  0.9006772009  0.8946965834  0.9195402299  0.0000000000  0             1.5066652298 
0.2321086914  0.4514779638  0.8677345538  0.8512396694  0.9297531178  0.8279816514  0.9837337337  0.9548532731  0.9780724120  0.9310344828  4.3935926773  300           0.7885282230 
0.1001759895  0.8484503826  0.8755148741  0.8512396694  0.9605497582  0.8646788991  0.9919919920  0.9593679458  0.9890362060  0.9287356322  8.7871853547  600           0.8107806969 
0.0686866875  1.0076455891  0.8800915332  0.8512396694  0.9735301603  0.8646788991  0.9934934935  0.9683972912  0.9915859255  0.9310344828  13.180778032  900           0.7217085433 
0.0552192666  1.0629655884  0.8832951945  0.8595041322  0.9783659964  0.8669724771  0.9944944945  0.9661399549  0.9938806731  0.9356321839  17.574370709  1200          0.7229185541 
0.0488682551  1.0813319310  0.8819221968  0.8677685950  0.9811656910  0.8715596330  0.9949949950  0.9683972912  0.9949005609  0.9333333333  21.967963386  1500          0.7265336299 
0.0419314859  1.0871849744  0.8810068650  0.8677685950  0.9832018325  0.8761467890  0.9957457457  0.9638826185  0.9954105048  0.9287356322  26.361556064  1800          0.7211824330 
0.0339860612  1.0855135733  0.8791762014  0.8677685950  0.9844744210  0.8784403670  0.9964964965  0.9616252822  0.9959204488  0.9264367816  30.755148741  2100          0.7253520823 
0.0309683894  1.0868534189  0.8787185355  0.8595041322  0.9854924917  0.8761467890  0.9977477477  0.9638826185  0.9961754207  0.9264367816  35.148741418  2400          0.7190311742 
0.0259230196  1.0870030842  0.8768878719  0.8636363636  0.9854924917  0.8784403670  0.9977477477  0.9638826185  0.9964303927  0.9264367816  39.542334096  2700          0.7193408672 
0.0232276211  1.0831620197  0.8768878719  0.8636363636  0.9860015271  0.8761467890  0.9977477477  0.9616252822  0.9964303927  0.9287356322  43.935926773  3000          0.7191193565 
0.0201781835  1.0849433466  0.8800915332  0.8677685950  0.9860015271  0.8784403670  0.9974974975  0.9616252822  0.9966853646  0.9287356322  48.329519450  3300          0.7185286506 
0.0184149702  1.0793918014  0.8814645309  0.8677685950  0.9862560448  0.8761467890  0.9977477477  0.9638826185  0.9966853646  0.9264367816  52.723112128  3600          0.7185567681 
0.0196326859  1.0735585954  0.8787185355  0.8677685950  0.9862560448  0.8784403670  0.9977477477  0.9616252822  0.9966853646  0.9264367816  57.116704805  3900          0.7184809542 
0.0158178512  1.0590916709  0.8764302059  0.8677685950  0.9862560448  0.8853211009  0.9977477477  0.9616252822  0.9966853646  0.9264367816  61.510297482  4200          0.7189023264 
0.0147720457  1.0255467017  0.8727688787  0.8677685950  0.9865105625  0.8830275229  0.9977477477  0.9616252822  0.9966853646  0.9264367816  65.903890160  4500          0.7180980206 
0.0128069061  0.9382953431  0.8741418764  0.8636363636  0.9867650802  0.8807339450  0.9977477477  0.9616252822  0.9966853646  0.9264367816  70.297482837  4800          0.7181608248 
0.0139219671  0.7845163375  0.8695652174  0.8719008264  0.9867650802  0.8784403670  0.9979979980  0.9616252822  0.9966853646  0.9241379310  73.226544622  5000          0.7176654792 
./logs
Environment:
	Python: 3.11.3
	PyTorch: 2.0.0+cu117
	Torchvision: 0.15.1+cu117
	CUDA: 11.7
	CUDNN: 8500
	NumPy: 1.24.3
	PIL: 9.5.0
Args:
	algorithm: MetricSoftmaxAlignPatch
	checkpoint_freq: None
	data_dir: /l/users/zhongyi.han/dataset
	dataset: OfficeHome
	holdout_fraction: 0.1
	hparams: {"clip_backbone": "ViT-B/16"}
	hparams_seed: 0
	output_dir: ./logs
	save_model_every_checkpoint: False
	seed: 0
	skip_model_save: False
	steps: None
	task: domain_generalization
	test_envs: [1]
	trial_seed: 0
	uda_holdout_fraction: 0
HParams:
	backbone: clip
	batch_size: 32
	beta1: 0.5
	class_balanced: False
	clip_backbone: ViT-B/16
	clip_transform: True
	d_steps_per_g_step: 1
	data_augmentation: True
	grad_penalty: 0.0
	lambda: 1.0
	lr: 0.001
	lr_d: 0.001
	lr_g: 1e-05
	mlp_depth: 3
	mlp_dropout: 0.0
	mlp_width: 512
	nonlinear_classifier: False
	resnet18: False
	resnet_dropout: 0.0
	test_envs: [1]
	weight_decay: 0.0
	weight_decay_d: 0.0
	weight_decay_g: 0.0
Using clip_transform ViT-B/16
class_loss    disc_loss     env0_in_acc   env0_out_acc  env1_in_acc   env1_out_acc  env2_in_acc   env2_out_acc  env3_in_acc   env3_out_acc  epoch         step          step_time    
0.4104801714  1.1502640247  0.8302059497  0.8264462810  0.6787986765  0.6834862385  0.9021521522  0.8939051919  0.8916369199  0.9172413793  0.0000000000  0             1.6751434803 
0.1447503325  0.5271237519  0.9876430206  0.8884297521  0.7411555103  0.7270642202  0.9839839840  0.9638826185  0.9813870474  0.9287356322  4.3935926773  300           0.7138216805 
0.0670242228  0.8971766426  0.9926773455  0.8884297521  0.7465003818  0.7362385321  0.9914914915  0.9683972912  0.9895461499  0.9356321839  8.7871853547  600           0.7140069040 
0.0467780023  1.0309598855  0.9949656751  0.9008264463  0.7485365233  0.7385321101  0.9954954955  0.9706546275  0.9923508414  0.9448275862  13.180778032  900           0.7145607106 
0.0372454349  1.0642215276  0.9954233410  0.8966942149  0.7477729702  0.7270642202  0.9959959960  0.9706546275  0.9933707292  0.9402298851  17.574370709  1200          0.7137491107 
0.0262401906  1.0865941779  0.9963386728  0.8966942149  0.7503181471  0.7293577982  0.9967467467  0.9706546275  0.9946455890  0.9356321839  21.967963386  1500          0.7141559887 
0.0253300702  1.0970391085  0.9963386728  0.8966942149  0.7546449478  0.7339449541  0.9969969970  0.9706546275  0.9959204488  0.9356321839  26.361556064  1800          0.7149214339 
0.0209901921  1.0910488063  0.9963386728  0.9008264463  0.7531178417  0.7293577982  0.9974974975  0.9729119639  0.9961754207  0.9356321839  30.755148741  2100          0.7138320422 
0.0204215594  1.0908305937  0.9963386728  0.9008264463  0.7536268771  0.7385321101  0.9974974975  0.9729119639  0.9961754207  0.9310344828  35.148741418  2400          0.7139109325 
0.0192662879  1.0898015225  0.9963386728  0.9008264463  0.7526088063  0.7339449541  0.9977477477  0.9706546275  0.9964303927  0.9264367816  39.542334096  2700          0.7143331170 
0.0154743336  1.0917205147  0.9963386728  0.9008264463  0.7505726648  0.7293577982  0.9979979980  0.9706546275  0.9964303927  0.9264367816  43.935926773  3000          0.7133308816 
0.0142210516  1.0811322316  0.9963386728  0.9008264463  0.7498091117  0.7247706422  0.9979979980  0.9683972912  0.9964303927  0.9287356322  48.329519450  3300          0.7141527232 
0.0125934352  1.0811145198  0.9963386728  0.9008264463  0.7503181471  0.7247706422  0.9977477477  0.9683972912  0.9964303927  0.9287356322  52.723112128  3600          0.7135826691 
0.0141617830  1.0666991399  0.9963386728  0.9008264463  0.7503181471  0.7270642202  0.9977477477  0.9683972912  0.9966853646  0.9264367816  57.116704805  3900          0.7136125970 
0.0096520192  1.0494359885  0.9963386728  0.8884297521  0.7470094172  0.7247706422  0.9977477477  0.9706546275  0.9966853646  0.9310344828  61.510297482  4200          0.7134046642 
0.0101132924  1.0102903124  0.9963386728  0.8884297521  0.7452277933  0.7270642202  0.9977477477  0.9661399549  0.9966853646  0.9264367816  65.903890160  4500          0.7137551371 
0.0125052677  0.8559943330  0.9963386728  0.8842975207  0.7426826164  0.7155963303  0.9977477477  0.9638826185  0.9966853646  0.9287356322  70.297482837  4800          0.7147085452 
0.0114468200  0.6594631694  0.9963386728  0.8884297521  0.7388648511  0.7087155963  0.9979979980  0.9683972912  0.9966853646  0.9264367816  73.226544622  5000          0.7150380099 
./logs
Environment:
	Python: 3.11.3
	PyTorch: 2.0.0+cu117
	Torchvision: 0.15.1+cu117
	CUDA: 11.7
	CUDNN: 8500
	NumPy: 1.24.3
	PIL: 9.5.0
Args:
	algorithm: MetricSoftmaxAlignPatch
	checkpoint_freq: None
	data_dir: /l/users/zhongyi.han/dataset
	dataset: OfficeHome
	holdout_fraction: 0.1
	hparams: {"clip_backbone": "ViT-B/16"}
	hparams_seed: 0
	output_dir: ./logs
	save_model_every_checkpoint: False
	seed: 0
	skip_model_save: False
	steps: None
	task: domain_generalization
	test_envs: [2]
	trial_seed: 0
	uda_holdout_fraction: 0
HParams:
	backbone: clip
	batch_size: 32
	beta1: 0.5
	class_balanced: False
	clip_backbone: ViT-B/16
	clip_transform: True
	d_steps_per_g_step: 1
	data_augmentation: True
	grad_penalty: 0.0
	lambda: 1.0
	lr: 0.001
	lr_d: 0.001
	lr_g: 1e-05
	mlp_depth: 3
	mlp_dropout: 0.0
	mlp_width: 512
	nonlinear_classifier: False
	resnet18: False
	resnet_dropout: 0.0
	test_envs: [2]
	weight_decay: 0.0
	weight_decay_d: 0.0
	weight_decay_g: 0.0
Using clip_transform ViT-B/16
class_loss    disc_loss     env0_in_acc   env0_out_acc  env1_in_acc   env1_out_acc  env2_in_acc   env2_out_acc  env3_in_acc   env3_out_acc  epoch         step          step_time    
0.8191562295  1.1611177921  0.8343249428  0.8471074380  0.6978875032  0.7041284404  0.8998998999  0.8803611738  0.8982661907  0.9103448276  0.0000000000  0             1.7386775017 
0.2452633629  0.4178318421  0.9812356979  0.8801652893  0.9264443879  0.8371559633  0.9271771772  0.9367945824  0.9770525242  0.9264367816  4.3935926773  300           0.7116521986 
0.0995477980  0.9086500706  0.9913043478  0.8842975207  0.9569865106  0.8555045872  0.9274274274  0.9413092551  0.9892911780  0.9333333333  8.7871853547  600           0.7106796622 
0.0771265112  1.0307570718  0.9940503432  0.8966942149  0.9674217358  0.8692660550  0.9251751752  0.9390519187  0.9928607853  0.9333333333  13.180778032  900           0.7121462305 
0.0585962253  1.0684289988  0.9945080092  0.9090909091  0.9737846780  0.8646788991  0.9254254254  0.9345372460  0.9938806731  0.9356321839  17.574370709  1200          0.7119849555 
0.0479397769  1.0696717366  0.9963386728  0.9132231405  0.9776024434  0.8623853211  0.9226726727  0.9322799097  0.9943906170  0.9379310345  21.967963386  1500          0.7118873072 
0.0384015962  1.0728244038  0.9963386728  0.9090909091  0.9798931026  0.8623853211  0.9191691692  0.9255079007  0.9951555329  0.9264367816  26.361556064  1800          0.7122639696 
0.0330112493  1.0721676131  0.9963386728  0.9008264463  0.9806566556  0.8623853211  0.9186686687  0.9255079007  0.9961754207  0.9264367816  30.755148741  2100          0.7126785596 
0.0295782706  1.0790940432  0.9963386728  0.8966942149  0.9834563502  0.8646788991  0.9181681682  0.9277652370  0.9964303927  0.9241379310  35.148741418  2400          0.7128992454 
0.0268754213  1.0831871549  0.9963386728  0.8925619835  0.9842199033  0.8646788991  0.9164164164  0.9255079007  0.9964303927  0.9241379310  39.542334096  2700          0.7123236330 
0.0256609088  1.0809685826  0.9963386728  0.8925619835  0.9849834564  0.8646788991  0.9146646647  0.9232505643  0.9964303927  0.9241379310  43.935926773  3000          0.7129371293 
0.0207913905  1.0699755462  0.9963386728  0.8925619835  0.9852379740  0.8692660550  0.9144144144  0.9232505643  0.9964303927  0.9172413793  48.329519450  3300          0.7123463281 
0.0205476103  1.0737949312  0.9963386728  0.8925619835  0.9854924917  0.8738532110  0.9131631632  0.9232505643  0.9966853646  0.9195402299  52.723112128  3600          0.7123871581 
0.0201396851  1.0584623853  0.9963386728  0.8966942149  0.9854924917  0.8761467890  0.9126626627  0.9209932280  0.9966853646  0.9195402299  57.116704805  3900          0.7129557427 
0.0173474837  1.0509006143  0.9963386728  0.8925619835  0.9854924917  0.8784403670  0.9111611612  0.9187358916  0.9966853646  0.9195402299  61.510297482  4200          0.7125979678 
0.0175390551  1.0161263353  0.9963386728  0.8884297521  0.9860015271  0.8761467890  0.9099099099  0.9232505643  0.9966853646  0.9218390805  65.903890160  4500          0.7134685373 
0.0165643282  0.9325527406  0.9963386728  0.8884297521  0.9865105625  0.8738532110  0.9084084084  0.9187358916  0.9966853646  0.9195402299  70.297482837  4800          0.7137412572 
0.0146705052  0.7793820512  0.9963386728  0.8884297521  0.9867650802  0.8761467890  0.9046546547  0.9164785553  0.9966853646  0.9195402299  73.226544622  5000          0.7123432243 
./logs
Environment:
	Python: 3.11.3
	PyTorch: 2.0.0+cu117
	Torchvision: 0.15.1+cu117
	CUDA: 11.7
	CUDNN: 8500
	NumPy: 1.24.3
	PIL: 9.5.0
Args:
	algorithm: MetricSoftmaxAlignPatch
	checkpoint_freq: None
	data_dir: /l/users/zhongyi.han/dataset
	dataset: OfficeHome
	holdout_fraction: 0.1
	hparams: {"clip_backbone": "ViT-B/16"}
	hparams_seed: 0
	output_dir: ./logs
	save_model_every_checkpoint: False
	seed: 0
	skip_model_save: False
	steps: None
	task: domain_generalization
	test_envs: [3]
	trial_seed: 0
	uda_holdout_fraction: 0
HParams:
	backbone: clip
	batch_size: 32
	beta1: 0.5
	class_balanced: False
	clip_backbone: ViT-B/16
	clip_transform: True
	d_steps_per_g_step: 1
	data_augmentation: True
	grad_penalty: 0.0
	lambda: 1.0
	lr: 0.001
	lr_d: 0.001
	lr_g: 1e-05
	mlp_depth: 3
	mlp_dropout: 0.0
	mlp_width: 512
	nonlinear_classifier: False
	resnet18: False
	resnet_dropout: 0.0
	test_envs: [3]
	weight_decay: 0.0
	weight_decay_d: 0.0
	weight_decay_g: 0.0
Using clip_transform ViT-B/16
class_loss    disc_loss     env0_in_acc   env0_out_acc  env1_in_acc   env1_out_acc  env2_in_acc   env2_out_acc  env3_in_acc   env3_out_acc  epoch         step          step_time    
0.7654364109  1.2091500759  0.8320366133  0.8388429752  0.6961058794  0.7018348624  0.9031531532  0.8893905192  0.8995410505  0.9080459770  0.0000000000  0             1.6272439957 
0.2378078137  0.2994040993  0.9830663616  0.8842975207  0.9292440825  0.8440366972  0.9854854855  0.9548532731  0.9245283019  0.9310344828  4.3935926773  300           0.7177503173 
0.1010741990  0.8386478666  0.9908466819  0.8966942149  0.9618223467  0.8577981651  0.9917417417  0.9616252822  0.9222335543  0.9333333333  8.7871853547  600           0.7150280229 
0.0774090047  1.0104363801  0.9935926773  0.9008264463  0.9699669127  0.8600917431  0.9942442442  0.9593679458  0.9204487506  0.9402298851  13.180778032  900           0.7134357190 
0.0566214393  1.0549766930  0.9949656751  0.9008264463  0.9753117842  0.8646788991  0.9954954955  0.9593679458  0.9201937787  0.9379310345  17.574370709  1200          0.7183726883 
0.0496102291  1.0883987121  0.9954233410  0.9008264463  0.9783659964  0.8715596330  0.9954954955  0.9593679458  0.9161142274  0.9379310345  21.967963386  1500          0.7213634109 
0.0432304272  1.0863987301  0.9963386728  0.9008264463  0.9811656910  0.8692660550  0.9957457457  0.9616252822  0.9173890872  0.9379310345  26.361556064  1800          0.7141814780 
0.0389072197  1.1011900691  0.9963386728  0.9008264463  0.9829473148  0.8738532110  0.9967467467  0.9593679458  0.9184089750  0.9333333333  30.755148741  2100          0.7137991850 
0.0359140713  1.0845664070  0.9963386728  0.8925619835  0.9839653856  0.8715596330  0.9967467467  0.9593679458  0.9184089750  0.9333333333  35.148741418  2400          0.7215447450 
0.0286708836  1.0869679042  0.9963386728  0.8925619835  0.9852379740  0.8738532110  0.9969969970  0.9616252822  0.9163691994  0.9333333333  39.542334096  2700          0.7218363452 
0.0270258786  1.0805847740  0.9963386728  0.8925619835  0.9860015271  0.8738532110  0.9969969970  0.9638826185  0.9148393677  0.9287356322  43.935926773  3000          0.7208440224 
0.0230683435  1.0778017342  0.9963386728  0.8925619835  0.9860015271  0.8761467890  0.9969969970  0.9638826185  0.9148393677  0.9287356322  48.329519450  3300          0.7204706462 
0.0219666095  1.0697875180  0.9963386728  0.8884297521  0.9860015271  0.8738532110  0.9974974975  0.9638826185  0.9110147884  0.9264367816  52.723112128  3600          0.7205879656 
0.0223628463  1.0539265174  0.9963386728  0.8884297521  0.9860015271  0.8738532110  0.9974974975  0.9638826185  0.9105048445  0.9264367816  57.116704805  3900          0.7211780047 
0.0182592430  1.0280975839  0.9963386728  0.8884297521  0.9857470094  0.8761467890  0.9974974975  0.9616252822  0.9077001530  0.9241379310  61.510297482  4200          0.7210024977 
0.0173645795  0.9873354407  0.9963386728  0.8925619835  0.9857470094  0.8669724771  0.9974974975  0.9616252822  0.9069352371  0.9241379310  65.903890160  4500          0.7200748102 
0.0165407147  0.7810183932  0.9963386728  0.8966942149  0.9860015271  0.8692660550  0.9974974975  0.9638826185  0.9056603774  0.9172413793  70.297482837  4800          0.7192911871 
0.0139649603  0.5384855670  0.9963386728  0.8801652893  0.9860015271  0.8715596330  0.9977477477  0.9616252822  0.9061703213  0.9149425287  73.226544622  5000          0.7158257401 
