./logs
Environment:
	Python: 3.11.3
	PyTorch: 2.0.0+cu117
	Torchvision: 0.15.1+cu117
	CUDA: 11.7
	CUDNN: 8500
	NumPy: 1.24.3
	PIL: 9.5.0
Args:
	algorithm: MetricSoftmaxAlignPatch
	checkpoint_freq: None
	data_dir: /l/users/zhongyi.han/dataset
	dataset: VLCS
	holdout_fraction: 0.1
	hparams: {"clip_backbone": "ViT-B/16"}
	hparams_seed: 0
	output_dir: ./logs
	save_model_every_checkpoint: False
	seed: 0
	skip_model_save: False
	steps: None
	task: domain_generalization
	test_envs: [0]
	trial_seed: 0
	uda_holdout_fraction: 0
HParams:
	backbone: clip
	batch_size: 32
	beta1: 0.5
	class_balanced: False
	clip_backbone: ViT-B/16
	clip_transform: True
	d_steps_per_g_step: 1
	data_augmentation: True
	grad_penalty: 0.0
	lambda: 1.0
	lr: 0.001
	lr_d: 0.001
	lr_g: 1e-05
	mlp_depth: 3
	mlp_dropout: 0.0
	mlp_width: 512
	nonlinear_classifier: False
	resnet18: False
	resnet_dropout: 0.0
	test_envs: [0]
	weight_decay: 0.0
	weight_decay_d: 0.0
	weight_decay_g: 0.0
Using clip_transform ViT-B/16
class_loss    disc_loss     env0_in_acc   env0_out_acc  env1_in_acc   env1_out_acc  env2_in_acc   env2_out_acc  env3_in_acc   env3_out_acc  epoch         step          step_time    
0.5057577491  1.1910008192  0.9976452119  1.0000000000  0.7276916632  0.7169811321  0.7610020311  0.7317073171  0.8683777558  0.8813056380  0.0000000000  0             3.5697240829 
0.1787492446  0.2509168011  0.9929356358  0.9929078014  0.9493087558  0.8188679245  0.9644549763  0.8902439024  0.9769661073  0.9436201780  7.5353218210  300           0.9453296002 
0.0613041701  0.8168956099  0.9850863422  0.9787234043  0.9832425639  0.8188679245  0.9854434665  0.8902439024  0.9950641658  0.9495548961  15.070643642  600           0.8907630539 
0.0364591114  0.9882136357  0.9803767661  0.9716312057  0.9903644742  0.8113207547  0.9922139472  0.8993902439  0.9973675551  0.9554896142  22.605965463  900           0.7229892333 
0.0295351856  1.0278832181  0.9733124019  0.9716312057  0.9949727692  0.8150943396  0.9966147596  0.9085365854  0.9993418888  0.9465875371  30.141287284  1200          0.7463965185 
0.0261001818  1.0272134507  0.9701726845  0.9716312057  0.9979053205  0.8075471698  0.9996614760  0.9054878049  1.0000000000  0.9495548961  37.676609105  1500          0.7437164307 
0.0231069117  1.0301755458  0.9662480377  0.9645390071  0.9983242564  0.7811320755  0.9996614760  0.8993902439  1.0000000000  0.9465875371  45.211930926  1800          0.7296025626 
0.0205480720  1.0356311983  0.9646781790  0.9574468085  0.9991621282  0.7962264151  0.9996614760  0.9024390244  1.0000000000  0.9495548961  52.747252747  2100          0.7319209679 
0.0191487891  1.0265398234  0.9615384615  0.9574468085  0.9987431923  0.7924528302  0.9996614760  0.9024390244  1.0000000000  0.9495548961  60.282574568  2400          0.7228285623 
0.0158190067  1.0244286088  0.9607535322  0.9432624113  0.9991621282  0.8000000000  1.0000000000  0.9024390244  1.0000000000  0.9554896142  67.817896389  2700          0.7153725171 
0.0162095204  1.0202412850  0.9607535322  0.9432624113  0.9995810641  0.8000000000  1.0000000000  0.8993902439  1.0000000000  0.9554896142  75.353218210  3000          0.7138593260 
0.0134928527  1.0184576402  0.9576138148  0.9503546099  1.0000000000  0.8037735849  1.0000000000  0.8963414634  1.0000000000  0.9554896142  82.888540031  3300          0.7131904387 
0.0136377370  1.0182867306  0.9568288854  0.9503546099  1.0000000000  0.8037735849  1.0000000000  0.8932926829  1.0000000000  0.9554896142  90.423861852  3600          0.7130490136 
0.0103841232  1.0123709611  0.9560439560  0.9574468085  1.0000000000  0.8000000000  1.0000000000  0.8902439024  1.0000000000  0.9554896142  97.959183673  3900          0.7138996704 
0.0082502644  0.9762922360  0.9568288854  0.9503546099  1.0000000000  0.7962264151  1.0000000000  0.8871951220  1.0000000000  0.9525222552  105.49450549  4200          0.7119058641 
0.0063719782  0.9185681574  0.9568288854  0.9503546099  1.0000000000  0.7962264151  1.0000000000  0.8841463415  1.0000000000  0.9495548961  113.02982731  4500          0.7132604988 
0.0064444841  0.7901381131  0.9599686028  0.9432624113  1.0000000000  0.7849056604  1.0000000000  0.8780487805  0.9996709444  0.9436201780  120.56514913  4800          0.7123553658 
0.0041857816  0.5814299853  0.9576138148  0.9432624113  1.0000000000  0.7886792453  1.0000000000  0.8810975610  0.9996709444  0.9436201780  125.58869701  5000          0.7119912887 
./logs
Environment:
	Python: 3.11.3
	PyTorch: 2.0.0+cu117
	Torchvision: 0.15.1+cu117
	CUDA: 11.7
	CUDNN: 8500
	NumPy: 1.24.3
	PIL: 9.5.0
Args:
	algorithm: MetricSoftmaxAlignPatch
	checkpoint_freq: None
	data_dir: /l/users/zhongyi.han/dataset
	dataset: VLCS
	holdout_fraction: 0.1
	hparams: {"clip_backbone": "ViT-B/16"}
	hparams_seed: 0
	output_dir: ./logs
	save_model_every_checkpoint: False
	seed: 0
	skip_model_save: False
	steps: None
	task: domain_generalization
	test_envs: [1]
	trial_seed: 0
	uda_holdout_fraction: 0
HParams:
	backbone: clip
	batch_size: 32
	beta1: 0.5
	class_balanced: False
	clip_backbone: ViT-B/16
	clip_transform: True
	d_steps_per_g_step: 1
	data_augmentation: True
	grad_penalty: 0.0
	lambda: 1.0
	lr: 0.001
	lr_d: 0.001
	lr_g: 1e-05
	mlp_depth: 3
	mlp_dropout: 0.0
	mlp_width: 512
	nonlinear_classifier: False
	resnet18: False
	resnet_dropout: 0.0
	test_envs: [1]
	weight_decay: 0.0
	weight_decay_d: 0.0
	weight_decay_g: 0.0
Using clip_transform ViT-B/16
class_loss    disc_loss     env0_in_acc   env0_out_acc  env1_in_acc   env1_out_acc  env2_in_acc   env2_out_acc  env3_in_acc   env3_out_acc  epoch         step          step_time    
0.2991518676  1.1504315138  0.9984301413  1.0000000000  0.6577293674  0.6188679245  0.8016249154  0.7713414634  0.8627838105  0.8783382789  0.0000000000  0             1.6966726780 
0.0886054098  0.2051452865  1.0000000000  1.0000000000  0.6992040218  0.6566037736  0.9742721733  0.9024390244  0.9848634419  0.9525222552  7.5353218210  300           0.7148115738 
0.0497341193  0.9368759941  1.0000000000  1.0000000000  0.6975282782  0.6452830189  0.9928909953  0.9115853659  0.9953932215  0.9465875371  15.070643642  600           0.7146013546 
0.0307237284  1.0313764985  1.0000000000  1.0000000000  0.6996229577  0.6415094340  0.9972918077  0.9024390244  0.9970384995  0.9495548961  22.605965463  900           0.7133113535 
0.0188789559  1.0349703981  1.0000000000  1.0000000000  0.6979472141  0.6415094340  0.9989844279  0.9054878049  0.9983547219  0.9525222552  30.141287284  1200          0.7126694369 
0.0201460920  1.0465165170  1.0000000000  1.0000000000  0.6975282782  0.6377358491  0.9989844279  0.9054878049  0.9986837776  0.9525222552  37.676609105  1500          0.7137354716 
0.0195317279  1.0402261730  1.0000000000  0.9858156028  0.6941767910  0.6377358491  0.9989844279  0.9115853659  0.9993418888  0.9584569733  45.211930926  1800          0.7132842167 
0.0181007433  1.0370158553  1.0000000000  0.9787234043  0.6925010473  0.6415094340  0.9993229519  0.9115853659  0.9996709444  0.9614243323  52.747252747  2100          0.7133006573 
0.0163747574  1.0468954734  1.0000000000  0.9787234043  0.6933389191  0.6415094340  0.9993229519  0.9085365854  0.9996709444  0.9614243323  60.282574568  2400          0.7123424101 
0.0127807908  1.0386816172  1.0000000000  0.9787234043  0.6904063678  0.6415094340  0.9996614760  0.9085365854  0.9996709444  0.9584569733  67.817896389  2700          0.7136935854 
0.0105520666  1.0402200063  1.0000000000  0.9787234043  0.6891495601  0.6339622642  0.9996614760  0.9054878049  0.9996709444  0.9584569733  75.353218210  3000          0.7142111905 
0.0104809312  1.0405787732  1.0000000000  0.9787234043  0.6874738165  0.6339622642  0.9996614760  0.9054878049  1.0000000000  0.9584569733  82.888540031  3300          0.7131203945 
0.0100264220  1.0264094041  1.0000000000  0.9787234043  0.6853791370  0.6339622642  0.9996614760  0.9054878049  1.0000000000  0.9525222552  90.423861852  3600          0.7128601654 
0.0084262460  1.0167998634  1.0000000000  0.9787234043  0.6832844575  0.6339622642  0.9996614760  0.9085365854  1.0000000000  0.9495548961  97.959183673  3900          0.7124891861 
0.0063164487  0.9557164516  1.0000000000  0.9787234043  0.6841223293  0.6301886792  1.0000000000  0.9054878049  1.0000000000  0.9495548961  105.49450549  4200          0.7129023957 
0.0102729697  0.8642815306  1.0000000000  0.9787234043  0.6799329703  0.6339622642  1.0000000000  0.9054878049  1.0000000000  0.9525222552  113.02982731  4500          0.7130450630 
0.0095058186  0.7032272398  1.0000000000  0.9787234043  0.6795140344  0.6226415094  1.0000000000  0.9115853659  1.0000000000  0.9465875371  120.56514913  4800          0.7128305499 
0.0075410948  0.4782121034  1.0000000000  0.9787234043  0.6770004189  0.6226415094  1.0000000000  0.9024390244  1.0000000000  0.9436201780  125.58869701  5000          0.7127975833 
./logs
Environment:
	Python: 3.11.3
	PyTorch: 2.0.0+cu117
	Torchvision: 0.15.1+cu117
	CUDA: 11.7
	CUDNN: 8500
	NumPy: 1.24.3
	PIL: 9.5.0
Args:
	algorithm: MetricSoftmaxAlignPatch
	checkpoint_freq: None
	data_dir: /l/users/zhongyi.han/dataset
	dataset: VLCS
	holdout_fraction: 0.1
	hparams: {"clip_backbone": "ViT-B/16"}
	hparams_seed: 0
	output_dir: ./logs
	save_model_every_checkpoint: False
	seed: 0
	skip_model_save: False
	steps: None
	task: domain_generalization
	test_envs: [2]
	trial_seed: 0
	uda_holdout_fraction: 0
HParams:
	backbone: clip
	batch_size: 32
	beta1: 0.5
	class_balanced: False
	clip_backbone: ViT-B/16
	clip_transform: True
	d_steps_per_g_step: 1
	data_augmentation: True
	grad_penalty: 0.0
	lambda: 1.0
	lr: 0.001
	lr_d: 0.001
	lr_g: 1e-05
	mlp_depth: 3
	mlp_dropout: 0.0
	mlp_width: 512
	nonlinear_classifier: False
	resnet18: False
	resnet_dropout: 0.0
	test_envs: [2]
	weight_decay: 0.0
	weight_decay_d: 0.0
	weight_decay_g: 0.0
Using clip_transform ViT-B/16
class_loss    disc_loss     env0_in_acc   env0_out_acc  env1_in_acc   env1_out_acc  env2_in_acc   env2_out_acc  env3_in_acc   env3_out_acc  epoch         step          step_time    
0.4528792202  1.1497853994  0.9984301413  1.0000000000  0.6568914956  0.6528301887  0.6479350034  0.6524390244  0.8621256992  0.8991097923  0.0000000000  0             1.5625288486 
0.1213368346  0.1068750127  1.0000000000  1.0000000000  0.9555927943  0.8150943396  0.8151658768  0.7835365854  0.9759789404  0.9554896142  7.5353218210  300           0.7166019527 
0.0613334405  0.8701620046  1.0000000000  1.0000000000  0.9886887306  0.8264150943  0.8161814489  0.7926829268  0.9914445541  0.9525222552  15.070643642  600           0.7389657442 
0.0288129783  1.0524906125  1.0000000000  1.0000000000  0.9941348974  0.8301886792  0.8192281652  0.7987804878  0.9967094439  0.9465875371  22.605965463  900           0.7148526200 
0.0216808859  1.0526974328  1.0000000000  1.0000000000  0.9958106410  0.8150943396  0.8161814489  0.7865853659  0.9986837776  0.9465875371  30.141287284  1200          0.7136901911 
0.0216875092  1.0776198393  1.0000000000  1.0000000000  0.9983242564  0.8188679245  0.8144888287  0.7865853659  0.9986837776  0.9495548961  37.676609105  1500          0.7144029085 
0.0230212287  1.0757427194  1.0000000000  1.0000000000  0.9987431923  0.8264150943  0.8134732566  0.7835365854  0.9993418888  0.9406528190  45.211930926  1800          0.7142161131 
0.0182766350  1.0533906943  1.0000000000  1.0000000000  1.0000000000  0.8150943396  0.8144888287  0.7835365854  0.9996709444  0.9436201780  52.747252747  2100          0.7142392778 
0.0216354060  1.0586653612  1.0000000000  1.0000000000  0.9995810641  0.8150943396  0.8171970210  0.7896341463  0.9996709444  0.9436201780  60.282574568  2400          0.7146529444 
0.0199738475  1.0562137965  1.0000000000  1.0000000000  0.9995810641  0.8150943396  0.8171970210  0.7926829268  0.9996709444  0.9436201780  67.817896389  2700          0.7140701604 
0.0161036292  1.0448832138  1.0000000000  1.0000000000  0.9991621282  0.8188679245  0.8158429248  0.7896341463  0.9996709444  0.9406528190  75.353218210  3000          0.7144511239 
0.0144467735  1.0415415265  1.0000000000  1.0000000000  0.9991621282  0.8113207547  0.8158429248  0.7865853659  0.9996709444  0.9436201780  82.888540031  3300          0.7132603304 
0.0133222383  1.0278370571  1.0000000000  1.0000000000  0.9991621282  0.8075471698  0.8144888287  0.7804878049  0.9996709444  0.9436201780  90.423861852  3600          0.7136135991 
0.0120011440  1.0171154773  1.0000000000  1.0000000000  0.9991621282  0.8075471698  0.8141503047  0.7713414634  0.9996709444  0.9406528190  97.959183673  3900          0.7136199347 
0.0092905041  0.9710243001  1.0000000000  1.0000000000  0.9991621282  0.8037735849  0.8131347326  0.7591463415  0.9996709444  0.9376854599  105.49450549  4200          0.7133949248 
0.0088094514  0.8192904981  1.0000000000  1.0000000000  0.9987431923  0.8000000000  0.8097494922  0.7560975610  1.0000000000  0.9347181009  113.02982731  4500          0.7134624561 
0.0087902127  0.6057227414  1.0000000000  1.0000000000  0.9987431923  0.7924528302  0.8067027759  0.7560975610  1.0000000000  0.9347181009  120.56514913  4800          0.7131154418 
0.0126832989  0.4133075492  1.0000000000  1.0000000000  0.9966485128  0.7886792453  0.8033175355  0.7652439024  0.9996709444  0.9347181009  125.58869701  5000          0.7123476624 
./logs
Environment:
	Python: 3.11.3
	PyTorch: 2.0.0+cu117
	Torchvision: 0.15.1+cu117
	CUDA: 11.7
	CUDNN: 8500
	NumPy: 1.24.3
	PIL: 9.5.0
Args:
	algorithm: MetricSoftmaxAlignPatch
	checkpoint_freq: None
	data_dir: /l/users/zhongyi.han/dataset
	dataset: VLCS
	holdout_fraction: 0.1
	hparams: {"clip_backbone": "ViT-B/16"}
	hparams_seed: 0
	output_dir: ./logs
	save_model_every_checkpoint: False
	seed: 0
	skip_model_save: False
	steps: None
	task: domain_generalization
	test_envs: [3]
	trial_seed: 0
	uda_holdout_fraction: 0
HParams:
	backbone: clip
	batch_size: 32
	beta1: 0.5
	class_balanced: False
	clip_backbone: ViT-B/16
	clip_transform: True
	d_steps_per_g_step: 1
	data_augmentation: True
	grad_penalty: 0.0
	lambda: 1.0
	lr: 0.001
	lr_d: 0.001
	lr_g: 1e-05
	mlp_depth: 3
	mlp_dropout: 0.0
	mlp_width: 512
	nonlinear_classifier: False
	resnet18: False
	resnet_dropout: 0.0
	test_envs: [3]
	weight_decay: 0.0
	weight_decay_d: 0.0
	weight_decay_g: 0.0
Using clip_transform ViT-B/16
class_loss    disc_loss     env0_in_acc   env0_out_acc  env1_in_acc   env1_out_acc  env2_in_acc   env2_out_acc  env3_in_acc   env3_out_acc  epoch         step          step_time    
0.6609771252  1.1150959730  0.9984301413  1.0000000000  0.6870548806  0.6830188679  0.6811103588  0.6829268293  0.8627838105  0.8931750742  0.0000000000  0             1.8838639259 
0.1417003990  0.0777983069  1.0000000000  1.0000000000  0.9518223712  0.8075471698  0.9742721733  0.8871951220  0.8805528134  0.8961424332  7.5353218210  300           0.7130806828 
0.0770233681  0.8439204424  1.0000000000  1.0000000000  0.9819857562  0.8150943396  0.9908598510  0.8871951220  0.8687068115  0.8931750742  15.070643642  600           0.7329062080 
0.0423787445  1.0248467211  1.0000000000  1.0000000000  0.9920402178  0.8075471698  0.9952606635  0.8780487805  0.8621256992  0.8902077151  22.605965463  900           0.8207687108 
0.0316287245  1.0268522837  1.0000000000  1.0000000000  0.9958106410  0.8113207547  0.9986459039  0.8780487805  0.8552155314  0.8902077151  30.141287284  1200          0.7148436244 
0.0286246452  1.0252075215  1.0000000000  1.0000000000  0.9966485128  0.8037735849  0.9989844279  0.8841463415  0.8555445870  0.8842729970  37.676609105  1500          0.7263344034 
0.0250225235  1.0275226293  1.0000000000  1.0000000000  0.9983242564  0.7924528302  0.9989844279  0.8810975610  0.8499506417  0.8753709199  45.211930926  1800          0.7987405872 
0.0286779657  1.0244225208  1.0000000000  1.0000000000  0.9995810641  0.7811320755  0.9996614760  0.8902439024  0.8466600856  0.8664688427  52.747252747  2100          0.8133135883 
0.0324009669  1.0267016109  1.0000000000  1.0000000000  0.9995810641  0.7735849057  0.9989844279  0.8871951220  0.8440276407  0.8575667656  60.282574568  2400          0.7148770539 
0.0255021695  1.0321488307  1.0000000000  1.0000000000  0.9995810641  0.7849056604  0.9989844279  0.8810975610  0.8440276407  0.8545994065  67.817896389  2700          0.7137402312 
0.0301831899  1.0218130688  1.0000000000  1.0000000000  0.9991621282  0.7962264151  0.9993229519  0.8719512195  0.8400789733  0.8486646884  75.353218210  3000          0.7138658627 
0.0220345981  1.0008496356  1.0000000000  1.0000000000  0.9991621282  0.7962264151  0.9996614760  0.8750000000  0.8377755841  0.8486646884  82.888540031  3300          0.7144598993 
0.0189200358  0.9846644499  1.0000000000  1.0000000000  0.9991621282  0.7924528302  0.9996614760  0.8689024390  0.8400789733  0.8456973294  90.423861852  3600          0.7137539172 
0.0151382055  0.9568908972  1.0000000000  1.0000000000  0.9991621282  0.7886792453  0.9993229519  0.8750000000  0.8358012504  0.8397626113  97.959183673  3900          0.7146875954 
0.0163475183  0.9116892169  1.0000000000  1.0000000000  0.9991621282  0.7735849057  0.9993229519  0.8750000000  0.8325106943  0.8456973294  105.49450549  4200          0.7140212417 
0.0134508361  0.7594656883  0.9992150706  1.0000000000  0.9987431923  0.7698113208  0.9996614760  0.8810975610  0.8292201382  0.8278931751  113.02982731  4500          0.7142863194 
0.0108950783  0.5216955758  0.9992150706  0.9858156028  0.9979053205  0.7698113208  0.9996614760  0.8628048780  0.8226390260  0.8278931751  120.56514913  4800          0.7139170464 
0.0083279552  0.3176989383  0.9984301413  1.0000000000  0.9991621282  0.7735849057  0.9993229519  0.8658536585  0.8262586377  0.8338278932  125.58869701  5000          0.7149587429 
